{"/Users/andychen/project-catwalk/client/src/Components/App.jsx": {"path":"/Users/andychen/project-catwalk/client/src/Components/App.jsx","statementMap":{"0":{"start":{"line":3,"column":14},"end":{"line":3,"column":27}},"1":{"start":{"line":6,"column":2},"end":{"line":6,"column":28}}},"fnMap":{"0":{"name":"App","decl":{"start":{"line":5,"column":9},"end":{"line":5,"column":12}},"loc":{"start":{"line":5,"column":15},"end":{"line":7,"column":1}},"line":5}},"branchMap":{},"s":{"0":1,"1":1},"f":{"0":1},"b":{},"_coverageSchema":"1a1c01bbd47fc00a2c39e90264f33305004495a9","hash":"ba52d7ddcf4a2723d42f1c9d202eae15a69d864a"}
}
